<?xml version="1.0" encoding="UTF-8"?>
<!-- Generated by org.testng.reporters.JUnitXMLReporter -->
<testsuite ignored="0" hostname="BCP-ATLT1447" failures="0" tests="15" name="Test" time="0.105" errors="0" timestamp="2022-09-03T09:57:50 IST">
  <testcase classname="com.loan.testcases.HomeLoan" name="apihomeloan" time="0.008"/>
  <testcase classname="com.loan.testcases.HomeLoan" name="mobilepagehomeloan" time="0.002"/>
  <testcase classname="com.loan.testcases.HomeLoan" name="webpagehomeloan" time="0.001"/>
  <testcase classname="com.loan.testcases.EducationalLoan" name="apieducationalloan" time="0.001"/>
  <testcase classname="com.loan.testcases.EducationalLoan" name="mobilepageeducationalloan" time="0.001"/>
  <testcase classname="com.loan.testcases.EducationalLoan" name="webpageeducationalloan" time="0.001"/>
  <testcase classname="com.loan.testcases.PersonalLoan" name="apipersonalloan" time="0.001"/>
  <testcase classname="com.loan.testcases.PersonalLoan" name="mobilepagepersonalloan" time="0.002"/>
  <testcase classname="com.loan.testcases.PersonalLoan" name="webpagepersonalloan" time="0.001"/>
  <testcase classname="com.loan.testcases.PropertyLoan" name="apipropertyloan" time="0.002"/>
  <testcase classname="com.loan.testcases.PropertyLoan" name="mobilepagepropertyloan" time="0.001"/>
  <testcase classname="com.loan.testcases.PropertyLoan" name="webpagepropertyloan" time="0.002"/>
  <testcase classname="com.loan.testcases.CarLoan" name="apicarloan" time="0.002"/>
  <testcase classname="com.loan.testcases.CarLoan" name="mobilepagecarloan" time="0.001"/>
  <testcase classname="com.loan.testcases.CarLoan" name="webpagecarloan" time="0.001"/>
</testsuite> <!-- Test -->
