<?xml version="1.0" encoding="UTF-8"?>
<!-- Generated by org.testng.reporters.JUnitXMLReporter -->
<testsuite ignored="7" hostname="BCP-ATLT1447" failures="0" tests="2" name="Asset Loan" time="0.061" errors="0" timestamp="2022-09-06T14:44:36 IST">
  <testcase classname="com.loan.testcases.CarLoan" name="webpagecarloan" time="0.007"/>
  <testcase classname="com.loan.testcases.HomeLoan" name="webpagehomeloan" time="0.002"/>
  <testcase classname="com.loan.testcases.CarLoan" name="mobilepagecarloan" time="0.0">
    <ignored/>
  </testcase> <!-- mobilepagecarloan -->
  <testcase classname="com.loan.testcases.HomeLoan" name="apihomeloan" time="0.0">
    <ignored/>
  </testcase> <!-- apihomeloan -->
  <testcase classname="com.loan.testcases.PropertyLoan" name="mobilepagepropertyloan" time="0.0">
    <ignored/>
  </testcase> <!-- mobilepagepropertyloan -->
  <testcase classname="com.loan.testcases.HomeLoan" name="mobilepagehomeloan" time="0.0">
    <ignored/>
  </testcase> <!-- mobilepagehomeloan -->
  <testcase classname="com.loan.testcases.PropertyLoan" name="webpagepropertyloan" time="0.0">
    <ignored/>
  </testcase> <!-- webpagepropertyloan -->
  <testcase classname="com.loan.testcases.PropertyLoan" name="apipropertyloan" time="0.0">
    <ignored/>
  </testcase> <!-- apipropertyloan -->
  <testcase classname="com.loan.testcases.CarLoan" name="apicarloan" time="0.0">
    <ignored/>
  </testcase> <!-- apicarloan -->
</testsuite> <!-- Asset Loan -->
