<?xml version="1.0" encoding="UTF-8"?>
<!-- Generated by org.testng.reporters.JUnitXMLReporter -->
<testsuite ignored="6" hostname="BCP-ATLT1447" failures="0" tests="0" time="0.0" errors="0" timestamp="2022-09-06T14:44:36 IST">
  <testcase classname="com.loan.testcases.PersonalLoan" name="apipersonalloan" time="0.0">
    <ignored/>
  </testcase> <!-- apipersonalloan -->
  <testcase classname="com.loan.testcases.EducationalLoan" name="webpageeducationalloan" time="0.0">
    <ignored/>
  </testcase> <!-- webpageeducationalloan -->
  <testcase classname="com.loan.testcases.EducationalLoan" name="apieducationalloan" time="0.0">
    <ignored/>
  </testcase> <!-- apieducationalloan -->
  <testcase classname="com.loan.testcases.EducationalLoan" name="mobilepageeducationalloan" time="0.0">
    <ignored/>
  </testcase> <!-- mobilepageeducationalloan -->
  <testcase classname="com.loan.testcases.PersonalLoan" name="mobilepagepersonalloan" time="0.0">
    <ignored/>
  </testcase> <!-- mobilepagepersonalloan -->
  <testcase classname="com.loan.testcases.PersonalLoan" name="webpagepersonalloan" time="0.0">
    <ignored/>
  </testcase> <!-- webpagepersonalloan -->
</testsuite>
