<?xml version="1.0" encoding="UTF-8"?>
<testng-results ignored="13" total="15" passed="2" failed="0" skipped="0">
  <reporter-output>
  </reporter-output>
  <suite started-at="2022-09-06T14:44:35 IST" name="Loans" finished-at="2022-09-06T14:44:36 IST" duration-ms="140">
    <groups>
      <group name="Smoke">
        <method signature="CarLoan.webpagecarloan()[pri:0, instance:com.loan.testcases.CarLoan@503d687a]" name="webpagecarloan" class="com.loan.testcases.CarLoan"/>
        <method signature="HomeLoan.webpagehomeloan()[pri:0, instance:com.loan.testcases.HomeLoan@732c2a62]" name="webpagehomeloan" class="com.loan.testcases.HomeLoan"/>
      </group> <!-- Smoke -->
    </groups>
    <test started-at="2022-09-06T14:44:35 IST" name="Asset Loan" finished-at="2022-09-06T14:44:35 IST" duration-ms="61">
      <class name="com.loan.testcases.HomeLoan">
        <test-method signature="webpagehomeloan()[pri:0, instance:com.loan.testcases.HomeLoan@732c2a62]" started-at="2022-09-06T14:44:35 IST" name="webpagehomeloan" finished-at="2022-09-06T14:44:35 IST" duration-ms="2" status="PASS">
          <reporter-output>
          </reporter-output>
        </test-method> <!-- webpagehomeloan -->
      </class> <!-- com.loan.testcases.HomeLoan -->
      <class name="com.loan.testcases.CarLoan">
        <test-method signature="webpagecarloan()[pri:0, instance:com.loan.testcases.CarLoan@503d687a]" started-at="2022-09-06T14:44:35 IST" name="webpagecarloan" finished-at="2022-09-06T14:44:35 IST" duration-ms="7" status="PASS">
          <reporter-output>
          </reporter-output>
        </test-method> <!-- webpagecarloan -->
      </class> <!-- com.loan.testcases.CarLoan -->
    </test> <!-- Asset Loan -->
    <test started-at="2022-09-06T14:44:36 IST" name="Self Loan" finished-at="2022-09-06T14:44:36 IST" duration-ms="0">
    </test> <!-- Self Loan -->
  </suite> <!-- Loans -->
</testng-results>
